<?xml version="1.0" encoding="UTF-8"?>
<!-- Generated by org.testng.reporters.JUnitReportReporter -->
<testsuite hostname="Andrey" failures="0" tests="1" name="com.internet.tests.MultipleWindowsTests" time="7.687" errors="0" timestamp="2025-03-21T10:07:53 GMT+07:00" skipped="0">
  <testcase classname="com.internet.tests.MultipleWindowsTests" name="newWindowTest" time="7.687"/>
</testsuite> <!-- com.internet.tests.MultipleWindowsTests -->
